<?xml version="1.0" encoding="UTF-8"?>
<!-- Generated by org.testng.reporters.JUnitXMLReporter -->
<testsuite ignored="0" hostname="DESKTOP-JEN388G" failures="1" tests="1" name="Go Rest schema validation test" time="0.7" errors="0" timestamp="2024-03-26T12:31:53 IST">
  <testcase classname="com.Qa.SchemaValidations.tests.CreateUserSchemaTest" name="createUserSchemaTest" time="0.0">
    <failure type="org.testng.TestNGException" message="
Cannot inject @Test annotated Method [createUserSchemaTest] with [class java.lang.String, class java.lang.String, class java.lang.String].
For more information on native dependency injection please refer to https://testng.org/doc/documentation-main.html#native-dependency-injection">
      <![CDATA[org.testng.TestNGException: 
Cannot inject @Test annotated Method [createUserSchemaTest] with [class java.lang.String, class java.lang.String, class java.lang.String].
For more information on native dependency injection please refer to https://testng.org/doc/documentation-main.html#native-dependency-injection
at java.base/java.util.ArrayList.forEach(ArrayList.java:1511)
at java.base/java.util.concurrent.FutureTask.run(FutureTask.java:264)
at java.base/java.util.concurrent.ThreadPoolExecutor.runWorker(ThreadPoolExecutor.java:1136)
at java.base/java.util.concurrent.ThreadPoolExecutor$Worker.run(ThreadPoolExecutor.java:635)
at java.base/java.lang.Thread.run(Thread.java:833)
... Removed 17 stack frames]]>
    </failure>
  </testcase> <!-- createUserSchemaTest -->
</testsuite> <!-- Go Rest schema validation test -->
