<?xml version="1.0" encoding="UTF-8"?>
<!-- Generated by org.testng.reporters.JUnitXMLReporter -->
<testsuite ignored="0" hostname="DESKTOP-JEN388G" failures="0" tests="3" name="Go Rest Get API Test" time="5.005" errors="0" timestamp="2024-03-31T12:07:19 IST">
  <testcase classname="com.Qa.gorest.tests.GetGoRestUserTest" name="getAllUser" time="2.507"/>
  <testcase classname="com.Qa.gorest.tests.GetGoRestUserTest" name="getSingleUser" time="1.063"/>
  <testcase classname="com.Qa.gorest.tests.GetGoRestUserTest" name="getUsersWithQueryParam" time="0.282"/>
</testsuite> <!-- Go Rest Get API Test -->
