<?xml version="1.0" encoding="UTF-8"?>
<testng-results ignored="0" total="5" passed="5" failed="0" skipped="0">
  <reporter-output>
  </reporter-output>
  <suite started-at="2024-03-31T12:07:14 IST" name="Suite" finished-at="2024-03-31T12:07:24 IST" duration-ms="10412">
    <groups>
    </groups>
    <test started-at="2024-03-31T12:07:14 IST" name="Go Rest Get API Test" finished-at="2024-03-31T12:07:19 IST" duration-ms="5005">
      <class name="com.Qa.gorest.tests.GetGoRestUserTest">
        <test-method is-config="true" signature="setUp(java.lang.String)[pri:0, instance:com.Qa.gorest.tests.GetGoRestUserTest@a4b2d8f]" started-at="2024-03-31T12:07:14 IST" name="setUp" finished-at="2024-03-31T12:07:14 IST" duration-ms="522" status="PASS">
          <params>
            <param index="0">
              <value>
                <![CDATA[https://gorest.co.in]]>
              </value>
            </param>
          </params>
          <reporter-output>
          </reporter-output>
        </test-method> <!-- setUp -->
        <test-method is-config="true" signature="getUserSetup()[pri:0, instance:com.Qa.gorest.tests.GetGoRestUserTest@a4b2d8f]" started-at="2024-03-31T12:07:14 IST" name="getUserSetup" finished-at="2024-03-31T12:07:15 IST" duration-ms="187" status="PASS">
          <reporter-output>
          </reporter-output>
        </test-method> <!-- getUserSetup -->
        <test-method signature="getAllUser()[pri:0, instance:com.Qa.gorest.tests.GetGoRestUserTest@a4b2d8f]" started-at="2024-03-31T12:07:15 IST" name="getAllUser" finished-at="2024-03-31T12:07:17 IST" duration-ms="2507" status="PASS">
          <reporter-output>
          </reporter-output>
        </test-method> <!-- getAllUser -->
        <test-method is-config="true" signature="getUserSetup()[pri:0, instance:com.Qa.gorest.tests.GetGoRestUserTest@a4b2d8f]" started-at="2024-03-31T12:07:17 IST" name="getUserSetup" finished-at="2024-03-31T12:07:17 IST" duration-ms="1" status="PASS">
          <reporter-output>
          </reporter-output>
        </test-method> <!-- getUserSetup -->
        <test-method signature="getSingleUser()[pri:0, instance:com.Qa.gorest.tests.GetGoRestUserTest@a4b2d8f]" started-at="2024-03-31T12:07:17 IST" name="getSingleUser" finished-at="2024-03-31T12:07:18 IST" duration-ms="1063" status="PASS">
          <reporter-output>
          </reporter-output>
        </test-method> <!-- getSingleUser -->
        <test-method is-config="true" signature="getUserSetup()[pri:0, instance:com.Qa.gorest.tests.GetGoRestUserTest@a4b2d8f]" started-at="2024-03-31T12:07:18 IST" name="getUserSetup" finished-at="2024-03-31T12:07:18 IST" duration-ms="2" status="PASS">
          <reporter-output>
          </reporter-output>
        </test-method> <!-- getUserSetup -->
        <test-method signature="getUsersWithQueryParam()[pri:0, instance:com.Qa.gorest.tests.GetGoRestUserTest@a4b2d8f]" started-at="2024-03-31T12:07:18 IST" name="getUsersWithQueryParam" finished-at="2024-03-31T12:07:19 IST" duration-ms="282" status="PASS">
          <reporter-output>
          </reporter-output>
        </test-method> <!-- getUsersWithQueryParam -->
      </class> <!-- com.Qa.gorest.tests.GetGoRestUserTest -->
    </test> <!-- Go Rest Get API Test -->
    <test started-at="2024-03-31T12:07:19 IST" name="ReqRes API Tests" finished-at="2024-03-31T12:07:19 IST" duration-ms="208">
      <class name="com.Qa.reqres.tests.GetReqResUsersTest">
        <test-method is-config="true" signature="setUp(java.lang.String)[pri:0, instance:com.Qa.reqres.tests.GetReqResUsersTest@1eb6749b]" started-at="2024-03-31T12:07:19 IST" name="setUp" finished-at="2024-03-31T12:07:19 IST" duration-ms="4" status="PASS">
          <params>
            <param index="0">
              <value>
                <![CDATA[https://reqres.in/]]>
              </value>
            </param>
          </params>
          <reporter-output>
          </reporter-output>
        </test-method> <!-- setUp -->
        <test-method is-config="true" signature="getUserSetup()[pri:0, instance:com.Qa.reqres.tests.GetReqResUsersTest@1eb6749b]" started-at="2024-03-31T12:07:19 IST" name="getUserSetup" finished-at="2024-03-31T12:07:19 IST" duration-ms="1" status="PASS">
          <reporter-output>
          </reporter-output>
        </test-method> <!-- getUserSetup -->
        <test-method signature="getAllUser()[pri:0, instance:com.Qa.reqres.tests.GetReqResUsersTest@1eb6749b]" started-at="2024-03-31T12:07:19 IST" name="getAllUser" finished-at="2024-03-31T12:07:19 IST" duration-ms="178" status="PASS">
          <reporter-output>
          </reporter-output>
        </test-method> <!-- getAllUser -->
      </class> <!-- com.Qa.reqres.tests.GetReqResUsersTest -->
    </test> <!-- ReqRes API Tests -->
    <test started-at="2024-03-31T12:07:19 IST" name="Amadeus Flight API Tests" finished-at="2024-03-31T12:07:24 IST" duration-ms="4816">
      <class name="com.Qa.AmaedeusApi.tests.AmadeusAPITest">
        <test-method is-config="true" signature="setUp(java.lang.String)[pri:0, instance:com.Qa.AmaedeusApi.tests.AmadeusAPITest@4f2c9ba6]" started-at="2024-03-31T12:07:19 IST" name="setUp" finished-at="2024-03-31T12:07:19 IST" duration-ms="2" status="PASS">
          <params>
            <param index="0">
              <value>
                <![CDATA[https://test.api.amadeus.com]]>
              </value>
            </param>
          </params>
          <reporter-output>
          </reporter-output>
        </test-method> <!-- setUp -->
        <test-method is-config="true" signature="getUserSetup(java.lang.String,java.lang.String,java.lang.String,java.lang.String)[pri:0, instance:com.Qa.AmaedeusApi.tests.AmadeusAPITest@4f2c9ba6]" started-at="2024-03-31T12:07:19 IST" name="getUserSetup" finished-at="2024-03-31T12:07:21 IST" duration-ms="1191" status="PASS">
          <params>
            <param index="0">
              <value>
                <![CDATA[https://test.api.amadeus.com]]>
              </value>
            </param>
            <param index="1">
              <value>
                <![CDATA[client_credentials]]>
              </value>
            </param>
            <param index="2">
              <value>
                <![CDATA[pT23dquAANgoStACzwiSUph2XtbznrXX]]>
              </value>
            </param>
            <param index="3">
              <value>
                <![CDATA[9Q8IbL4o5Zjx4zgV]]>
              </value>
            </param>
          </params>
          <reporter-output>
          </reporter-output>
        </test-method> <!-- getUserSetup -->
        <test-method signature="getFlightDetails()[pri:0, instance:com.Qa.AmaedeusApi.tests.AmadeusAPITest@4f2c9ba6]" started-at="2024-03-31T12:07:21 IST" name="getFlightDetails" finished-at="2024-03-31T12:07:24 IST" duration-ms="3596" status="PASS">
          <reporter-output>
          </reporter-output>
        </test-method> <!-- getFlightDetails -->
      </class> <!-- com.Qa.AmaedeusApi.tests.AmadeusAPITest -->
    </test> <!-- Amadeus Flight API Tests -->
  </suite> <!-- Suite -->
</testng-results>
